favorite/build/intermediates/manifest_merge_blame_file/debug/manifest-merger-blame-debug-report.txt
1<?xml version="1.0" encoding="utf-8"?>
2<manifest xmlns:android="http://schemas.android.com/apk/res/android"
3    xmlns:dist="http://schemas.android.com/apk/distribution"
4    featureSplit="favorite"
5    package="com.codeart.filmskuy"
6    android:versionCode="1"
7    android:versionName="1.0" >
8
9    <uses-sdk
10        android:minSdkVersion="21"
10-->src\main\AndroidManifest.xml
11        android:targetSdkVersion="30" />
11-->src\main\AndroidManifest.xml
12
13    <dist:module
13-->src\main\AndroidManifest.xml:6:5-14:19
14        dist:instant="false"
14-->src\main\AndroidManifest.xml:7:9-29
15        dist:title="@string/title_favorite" >
15-->src\main\AndroidManifest.xml:8:9-44
16        <dist:delivery>
16-->src\main\AndroidManifest.xml:9:9-11:25
17            <dist:install-time />
17-->src\main\AndroidManifest.xml:10:13-34
18        </dist:delivery>
19
20        <dist:fusing dist:include="true" />
20-->src\main\AndroidManifest.xml:13:9-44
20-->src\main\AndroidManifest.xml:13:22-41
21    </dist:module>
22
23    <application
23-->src\main\AndroidManifest.xml:16:5-26:19
24        android:debuggable="true"
25        android:testOnly="true" >
26        <activity
26-->src\main\AndroidManifest.xml:17:9-25:20
27            android:name="com.codeart.filmskuy.favorite.FavoriteActivity"
27-->src\main\AndroidManifest.xml:17:19-51
28            android:splitName="favorite" >
29            <intent-filter>
29-->src\main\AndroidManifest.xml:18:13-24:29
30                <action android:name="android.intent.action.VIEW" />
30-->src\main\AndroidManifest.xml:19:17-69
30-->src\main\AndroidManifest.xml:19:25-66
31
32                <category android:name="android.intent.category.DEFAULT" />
32-->src\main\AndroidManifest.xml:20:17-76
32-->src\main\AndroidManifest.xml:20:27-73
33
34                <data
34-->src\main\AndroidManifest.xml:21:17-23:49
35                    android:host="favorite"
35-->src\main\AndroidManifest.xml:22:21-44
36                    android:scheme="filmskuy" />
36-->src\main\AndroidManifest.xml:23:21-46
37            </intent-filter>
38        </activity>
39    </application>
40
41</manifest>